Using pre-set license
Built from '2020.3/staging' branch; Version is '2020.3.28f1 (f5400f52e03f) revision 16072719'; Using compiler version '192528614'; Build Type 'Release'
OS: 'Windows 10  (10.0.19042) 64bit Core' Language: 'en' Physical Memory: 16319 MB
BatchMode: 1, IsHumanControllingUs: 0, StartBugReporterOnCrash: 0, Is64bit: 1, IsPro: 0

COMMAND LINE ARGUMENTS:
C:\Program Files\Unity\Hub\Editor\2020.3.28f1\Editor\Unity.exe
-adb2
-batchMode
-noUpm
-name
AssetImportWorker0
-projectPath
E:/Git Repos/Projects/UnityLearn-CreatorKit-BeginnerCode/CreatorKit-BeginnerCode
-logFile
Logs/AssetImportWorker0.log
-srvPort
65072
Successfully changed project path to: E:/Git Repos/Projects/UnityLearn-CreatorKit-BeginnerCode/CreatorKit-BeginnerCode
E:/Git Repos/Projects/UnityLearn-CreatorKit-BeginnerCode/CreatorKit-BeginnerCode
Using Asset Import Pipeline V2.
Refreshing native plugins compatible for Editor in 62.05 ms, found 2 plugins.
Preloading 0 native plugins for Editor in 0.00 ms.
Initialize engine version: 2020.3.28f1 (f5400f52e03f)
[Subsystems] Discovering subsystems at path C:/Program Files/Unity/Hub/Editor/2020.3.28f1/Editor/Data/Resources/UnitySubsystems
[Subsystems] Discovering subsystems at path E:/Git Repos/Projects/UnityLearn-CreatorKit-BeginnerCode/CreatorKit-BeginnerCode/Assets
GfxDevice: creating device client; threaded=0
Direct3D:
    Version:  Direct3D 11.0 [level 11.1]
    Renderer: Radeon RX 580 Series (ID=0x67df)
    Vendor:   
    VRAM:     8171 MB
    Driver:   30.0.13023.4001
Initialize mono
Mono path[0] = 'C:/Program Files/Unity/Hub/Editor/2020.3.28f1/Editor/Data/Managed'
Mono path[1] = 'C:/Program Files/Unity/Hub/Editor/2020.3.28f1/Editor/Data/MonoBleedingEdge/lib/mono/unityjit'
Mono config path = 'C:/Program Files/Unity/Hub/Editor/2020.3.28f1/Editor/Data/MonoBleedingEdge/etc'
Using monoOptions --debugger-agent=transport=dt_socket,embedding=1,server=y,suspend=n,address=127.0.0.1:56480
Begin MonoManager ReloadAssembly
Registering precompiled unity dll's ...
Register platform support module: C:/Program Files/Unity/Hub/Editor/2020.3.28f1/Editor/Data/PlaybackEngines/WindowsStandaloneSupport/UnityEditor.WindowsStandalone.Extensions.dll
Registered in 0.002224 seconds.
Native extension for WindowsStandalone target not found
Refreshing native plugins compatible for Editor in 60.90 ms, found 2 plugins.
Preloading 0 native plugins for Editor in 0.00 ms.
Mono: successfully reloaded assembly
- Completed reload, in  0.523 seconds
Domain Reload Profiling:
	ReloadAssembly (523ms)
		BeginReloadAssembly (54ms)
			ExecutionOrderSort (0ms)
			DisableScriptedObjects (0ms)
			BackupInstance (0ms)
			ReleaseScriptingObjects (0ms)
			CreateAndSetChildDomain (1ms)
		EndReloadAssembly (404ms)
			LoadAssemblies (51ms)
			RebuildTransferFunctionScriptingTraits (0ms)
			SetupTypeCache (129ms)
			ReleaseScriptCaches (0ms)
			RebuildScriptCaches (24ms)
			SetupLoadedEditorAssemblies (168ms)
				LogAssemblyErrors (0ms)
				InitializePlatformSupportModulesInManaged (4ms)
				SetLoadedEditorAssemblies (0ms)
				RefreshPlugins (62ms)
				BeforeProcessingInitializeOnLoad (6ms)
				ProcessInitializeOnLoadAttributes (70ms)
				ProcessInitializeOnLoadMethodAttributes (25ms)
				AfterProcessingInitializeOnLoad (0ms)
				EditorAssembliesLoaded (0ms)
			ExecutionOrderSort2 (0ms)
			AwakeInstancesAfterBackupRestoration (0ms)
Platform modules already initialized, skipping
Registering precompiled user dll's ...
Registered in 0.003776 seconds.
Begin MonoManager ReloadAssembly
Native extension for WindowsStandalone target not found
Refreshing native plugins compatible for Editor in 63.19 ms, found 2 plugins.
Preloading 0 native plugins for Editor in 0.00 ms.
Mono: successfully reloaded assembly
- Completed reload, in  1.222 seconds
Domain Reload Profiling:
	ReloadAssembly (1224ms)
		BeginReloadAssembly (128ms)
			ExecutionOrderSort (0ms)
			DisableScriptedObjects (4ms)
			BackupInstance (0ms)
			ReleaseScriptingObjects (0ms)
			CreateAndSetChildDomain (17ms)
		EndReloadAssembly (1042ms)
			LoadAssemblies (87ms)
			RebuildTransferFunctionScriptingTraits (0ms)
			SetupTypeCache (297ms)
			ReleaseScriptCaches (1ms)
			RebuildScriptCaches (52ms)
			SetupLoadedEditorAssemblies (510ms)
				LogAssemblyErrors (0ms)
				InitializePlatformSupportModulesInManaged (4ms)
				SetLoadedEditorAssemblies (0ms)
				RefreshPlugins (64ms)
				BeforeProcessingInitializeOnLoad (101ms)
				ProcessInitializeOnLoadAttributes (323ms)
				ProcessInitializeOnLoadMethodAttributes (12ms)
				AfterProcessingInitializeOnLoad (7ms)
				EditorAssembliesLoaded (0ms)
			ExecutionOrderSort2 (0ms)
			AwakeInstancesAfterBackupRestoration (5ms)
Platform modules already initialized, skipping
========================================================================
Worker process is ready to serve import requests
Launched and connected shader compiler UnityShaderCompiler.exe after 0.04 seconds
Refreshing native plugins compatible for Editor in 0.67 ms, found 2 plugins.
Preloading 0 native plugins for Editor in 0.00 ms.
Unloading 3658 Unused Serialized files (Serialized files now loaded: 0)
System memory in use before: 158.7 MB.
System memory in use after: 158.9 MB.

Unloading 162 unused Assets to reduce memory usage. Loaded Objects now: 4071.
Total: 3.209500 ms (FindLiveObjects: 0.211600 ms CreateObjectMapping: 0.139600 ms MarkObjects: 2.696400 ms  DeleteObjects: 0.161200 ms)

AssetImportParameters requested are different than current active one (requested -> active):
  custom:framework-win-MediaFoundation: 216162199b28c13a410421893ffa2e32 -> 
  custom:video-decoder-ogg-theora: a1e56fd34408186e4bbccfd4996cb3dc -> 
  custom:container-muxer-webm: aa71ff27fc2769a1b78a27578f13a17b -> 
  custom:container-demuxer-webm: 4f35f7cbe854078d1ac9338744f61a02 -> 
  custom:container-demuxer-ogg: 62fdf1f143b41e24485cea50d1cbac27 -> 
  custom:video-encoder-webm-vp8: eb34c28f22e8b96e1ab97ce403110664 -> 
  custom:video-decoder-webm-vp8: 9c59270c3fd7afecdb556c50c9e8de78 -> 
  custom:audio-decoder-ogg-vorbis: bf7c407c2cedff20999df2af8eb42d56 -> 
  custom:audio-encoder-webm-vorbis: bf7c407c2cedff20999df2af8eb42d56 -> 
========================================================================
Received Import Request.
  path: Assets/Creator Kit - Beginner Code/Art/Texture/Buildings/Buildings_Occlusion.tif
  artifactKey: Guid(a9e11ac2413c797459c628a2494358c3) Importer(815301076,1909f56bfc062723c751e8b465ee728b)
Start importing Assets/Creator Kit - Beginner Code/Art/Texture/Buildings/Buildings_Occlusion.tif using Guid(a9e11ac2413c797459c628a2494358c3) Importer(815301076,1909f56bfc062723c751e8b465ee728b)  -> (artifact id: 'cb791ab945bae7a2cab3f0762fdbf19d') in 0.056655 seconds 
  Import took 0.061562 seconds .

========================================================================
Received Import Request.
  Time since last request: 0.001070 seconds.
  path: Assets/Creator Kit - Beginner Code/Art/Texture/Buildings/Buildings_MetallicSmoothness.tif
  artifactKey: Guid(4a64ef26f51f4a0418f30529d8cb8c4f) Importer(815301076,1909f56bfc062723c751e8b465ee728b)
Start importing Assets/Creator Kit - Beginner Code/Art/Texture/Buildings/Buildings_MetallicSmoothness.tif using Guid(4a64ef26f51f4a0418f30529d8cb8c4f) Importer(815301076,1909f56bfc062723c751e8b465ee728b)  -> (artifact id: '0261aeae42ab8d5c2995f935ddad0c69') in 0.025909 seconds 
  Import took 0.030953 seconds .

========================================================================
Received Import Request.
  Time since last request: 0.001186 seconds.
  path: Assets/Creator Kit - Beginner Code/Art/Texture/Buildings/Buildings_Normal.tif
  artifactKey: Guid(9c2c95fe1da2dc348817a1c02aa73d7c) Importer(815301076,1909f56bfc062723c751e8b465ee728b)
Start importing Assets/Creator Kit - Beginner Code/Art/Texture/Buildings/Buildings_Normal.tif using Guid(9c2c95fe1da2dc348817a1c02aa73d7c) Importer(815301076,1909f56bfc062723c751e8b465ee728b)  -> (artifact id: '8dc84fedfa63bf34071cc6d45407534e') in 0.036332 seconds 
  Import took 0.041523 seconds .

========================================================================
Received Import Request.
  Time since last request: 0.000732 seconds.
  path: Assets/Creator Kit - Beginner Code/Art/Texture/Buildings/Buildings_Albedo.tif
  artifactKey: Guid(9d6ded28aa9e0a0409aed2fa9ed14924) Importer(815301076,1909f56bfc062723c751e8b465ee728b)
Start importing Assets/Creator Kit - Beginner Code/Art/Texture/Buildings/Buildings_Albedo.tif using Guid(9d6ded28aa9e0a0409aed2fa9ed14924) Importer(815301076,1909f56bfc062723c751e8b465ee728b)  -> (artifact id: '96975249bd7007cb71f4569d91d61c8d') in 0.011771 seconds 
  Import took 0.016918 seconds .

========================================================================
Received Import Request.
  Time since last request: 41.791786 seconds.
  path: Assets/Creator Kit - Beginner Code/Art/Texture/Buildings/Buildings_Albedo.tif
  artifactKey: Guid(9d6ded28aa9e0a0409aed2fa9ed14924) Importer(815301076,1909f56bfc062723c751e8b465ee728b)
Start importing Assets/Creator Kit - Beginner Code/Art/Texture/Buildings/Buildings_Albedo.tif using Guid(9d6ded28aa9e0a0409aed2fa9ed14924) Importer(815301076,1909f56bfc062723c751e8b465ee728b)  -> (artifact id: 'cedab377e1096baa7be0f9b075e549cf') in 0.009415 seconds 
  Import took 0.015356 seconds .

========================================================================
Received Import Request.
  Time since last request: 13.048763 seconds.
  path: Assets/Creator Kit - Beginner Code/Art/Texture/Buildings/Buildings_Albedo.tif
  artifactKey: Guid(9d6ded28aa9e0a0409aed2fa9ed14924) Importer(815301076,1909f56bfc062723c751e8b465ee728b)
Start importing Assets/Creator Kit - Beginner Code/Art/Texture/Buildings/Buildings_Albedo.tif using Guid(9d6ded28aa9e0a0409aed2fa9ed14924) Importer(815301076,1909f56bfc062723c751e8b465ee728b)  -> (artifact id: '3dab21d9a70619e242b94e6c4a3b3ae5') in 0.009858 seconds 
  Import took 0.014693 seconds .

AssetImportWorkerClient::OnTransportError - code=2 error=End of file
